RUN	UserSimulation	usersimulation	1677069081056	 	3.9.1
USER	DemoSimulation	START	1677069083781
USER	DemoSimulation	START	1677069083781
USER	DemoSimulation	START	1677069083781
USER	DemoSimulation	START	1677069083781
USER	DemoSimulation	START	1677069083781
USER	DemoSimulation	START	1677069083781
USER	DemoSimulation	START	1677069083781
USER	DemoSimulation	START	1677069083781
USER	DemoSimulation	START	1677069083781
USER	DemoSimulation	START	1677069083781
REQUEST		registerRequest	1677069083817	1677069084439	OK	 
REQUEST		registerRequest	1677069083817	1677069084439	OK	 
REQUEST		registerRequest	1677069083817	1677069084439	OK	 
REQUEST		registerRequest	1677069083817	1677069084440	OK	 
REQUEST		registerRequest	1677069083817	1677069084439	OK	 
REQUEST		registerRequest	1677069083817	1677069084439	OK	 
REQUEST		registerRequest	1677069083817	1677069084439	OK	 
REQUEST		registerRequest	1677069083817	1677069084439	OK	 
REQUEST		registerRequest	1677069083817	1677069084439	OK	 
REQUEST		registerRequest	1677069083817	1677069084439	OK	 
USER	DemoSimulation	END	1677069084548
USER	DemoSimulation	END	1677069084548
USER	DemoSimulation	END	1677069084548
USER	DemoSimulation	END	1677069084549
USER	DemoSimulation	END	1677069084549
USER	DemoSimulation	END	1677069084549
USER	DemoSimulation	END	1677069084549
USER	DemoSimulation	END	1677069084549
USER	DemoSimulation	END	1677069084549
USER	DemoSimulation	END	1677069084549
USER	DemoSimulation1	START	1677069084809
REQUEST		loginRequest	1677069084811	1677069085082	OK	 
REQUEST		logoutRequest	1677069085088	1677069085106	OK	 
USER	DemoSimulation1	END	1677069085107
USER	DemoSimulation1	START	1677069085804
REQUEST		loginRequest	1677069085805	1677069085822	OK	 
REQUEST		logoutRequest	1677069085823	1677069085835	OK	 
USER	DemoSimulation1	END	1677069085835
USER	DemoSimulation1	START	1677069086793
REQUEST		loginRequest	1677069086794	1677069086806	OK	 
REQUEST		logoutRequest	1677069086807	1677069086817	OK	 
USER	DemoSimulation1	END	1677069086818
USER	DemoSimulation1	START	1677069087795
REQUEST		loginRequest	1677069087796	1677069087807	OK	 
REQUEST		logoutRequest	1677069087808	1677069087816	OK	 
USER	DemoSimulation1	END	1677069087817
USER	DemoSimulation1	START	1677069088303
REQUEST		loginRequest	1677069088304	1677069088315	OK	 
REQUEST		logoutRequest	1677069088316	1677069088323	OK	 
USER	DemoSimulation1	END	1677069088324
USER	DemoSimulation1	START	1677069088795
REQUEST		loginRequest	1677069088796	1677069088808	OK	 
REQUEST		logoutRequest	1677069088808	1677069088816	OK	 
USER	DemoSimulation1	END	1677069088816
USER	DemoSimulation1	START	1677069089795
REQUEST		loginRequest	1677069089796	1677069089807	OK	 
REQUEST		logoutRequest	1677069089808	1677069089817	OK	 
USER	DemoSimulation1	END	1677069089818
USER	DemoSimulation1	START	1677069090303
REQUEST		loginRequest	1677069090304	1677069090314	OK	 
REQUEST		logoutRequest	1677069090315	1677069090325	OK	 
USER	DemoSimulation1	END	1677069090326
USER	DemoSimulation1	START	1677069090795
REQUEST		loginRequest	1677069090796	1677069090810	OK	 
REQUEST		logoutRequest	1677069090810	1677069090820	OK	 
USER	DemoSimulation1	END	1677069090820
USER	DemoSimulation1	START	1677069091306
REQUEST		loginRequest	1677069091306	1677069091318	OK	 
REQUEST		logoutRequest	1677069091320	1677069091332	OK	 
USER	DemoSimulation1	END	1677069091333
USER	DemoSimulation1	START	1677069091798
REQUEST		loginRequest	1677069091799	1677069091814	OK	 
REQUEST		logoutRequest	1677069091816	1677069091831	OK	 
USER	DemoSimulation1	END	1677069091833
USER	DemoSimulation1	START	1677069092315
REQUEST		loginRequest	1677069092326	1677069092372	OK	 
REQUEST		logoutRequest	1677069092374	1677069092422	OK	 
USER	DemoSimulation1	END	1677069092424
USER	DemoSimulation1	START	1677069092801
REQUEST		loginRequest	1677069092802	1677069092818	OK	 
REQUEST		logoutRequest	1677069092820	1677069092830	OK	 
USER	DemoSimulation1	END	1677069092831
USER	DemoSimulation1	START	1677069093139
REQUEST		loginRequest	1677069093140	1677069093152	OK	 
REQUEST		logoutRequest	1677069093153	1677069093162	OK	 
USER	DemoSimulation1	END	1677069093163
USER	DemoSimulation1	START	1677069093464
REQUEST		loginRequest	1677069093464	1677069093475	OK	 
REQUEST		logoutRequest	1677069093476	1677069093484	OK	 
USER	DemoSimulation1	END	1677069093484
USER	DemoSimulation1	START	1677069093804
REQUEST		loginRequest	1677069093804	1677069093815	OK	 
REQUEST		logoutRequest	1677069093816	1677069093822	OK	 
USER	DemoSimulation1	END	1677069093823
USER	DemoSimulation1	START	1677069094297
REQUEST		loginRequest	1677069094298	1677069094308	OK	 
REQUEST		logoutRequest	1677069094309	1677069094315	OK	 
USER	DemoSimulation1	END	1677069094316
USER	DemoSimulation1	START	1677069094793
REQUEST		loginRequest	1677069094793	1677069094803	OK	 
REQUEST		logoutRequest	1677069094804	1677069094810	OK	 
USER	DemoSimulation1	END	1677069094811
USER	DemoSimulation1	START	1677069095127
REQUEST		loginRequest	1677069095128	1677069095140	OK	 
REQUEST		logoutRequest	1677069095141	1677069095150	OK	 
USER	DemoSimulation1	END	1677069095151
USER	DemoSimulation1	START	1677069095467
REQUEST		loginRequest	1677069095468	1677069095480	OK	 
REQUEST		logoutRequest	1677069095481	1677069095488	OK	 
USER	DemoSimulation1	END	1677069095489
USER	DemoSimulation1	START	1677069095793
REQUEST		loginRequest	1677069095794	1677069095804	OK	 
REQUEST		logoutRequest	1677069095805	1677069095814	OK	 
USER	DemoSimulation1	END	1677069095815
USER	DemoSimulation1	START	1677069096297
REQUEST		loginRequest	1677069096297	1677069096308	OK	 
REQUEST		logoutRequest	1677069096309	1677069096315	OK	 
USER	DemoSimulation1	END	1677069096316
USER	DemoSimulation1	START	1677069096793
REQUEST		loginRequest	1677069096794	1677069096802	OK	 
REQUEST		logoutRequest	1677069096803	1677069096809	OK	 
USER	DemoSimulation1	END	1677069096809
USER	DemoSimulation1	START	1677069097126
REQUEST		loginRequest	1677069097127	1677069097136	OK	 
REQUEST		logoutRequest	1677069097137	1677069097144	OK	 
USER	DemoSimulation1	END	1677069097145
USER	DemoSimulation1	START	1677069097464
REQUEST		loginRequest	1677069097465	1677069097474	OK	 
REQUEST		logoutRequest	1677069097476	1677069097484	OK	 
USER	DemoSimulation1	END	1677069097485
USER	DemoSimulation1	START	1677069097792
REQUEST		loginRequest	1677069097793	1677069097802	OK	 
REQUEST		logoutRequest	1677069097803	1677069097808	OK	 
USER	DemoSimulation1	END	1677069097809
USER	DemoSimulation1	START	1677069098127
REQUEST		loginRequest	1677069098128	1677069098137	OK	 
REQUEST		logoutRequest	1677069098138	1677069098145	OK	 
USER	DemoSimulation1	END	1677069098146
USER	DemoSimulation1	START	1677069098466
REQUEST		loginRequest	1677069098467	1677069098478	OK	 
REQUEST		logoutRequest	1677069098479	1677069098487	OK	 
USER	DemoSimulation1	END	1677069098488
USER	DemoSimulation1	START	1677069098793
REQUEST		loginRequest	1677069098794	1677069098804	OK	 
REQUEST		logoutRequest	1677069098805	1677069098811	OK	 
USER	DemoSimulation1	END	1677069098812
USER	DemoSimulation1	START	1677069099129
REQUEST		loginRequest	1677069099130	1677069099139	OK	 
REQUEST		logoutRequest	1677069099140	1677069099146	OK	 
USER	DemoSimulation1	END	1677069099146
USER	DemoSimulation1	START	1677069099468
REQUEST		loginRequest	1677069099469	1677069099477	OK	 
REQUEST		logoutRequest	1677069099478	1677069099485	OK	 
USER	DemoSimulation1	END	1677069099486
USER	DemoSimulation1	START	1677069099807
REQUEST		loginRequest	1677069099808	1677069099818	OK	 
REQUEST		logoutRequest	1677069099819	1677069099826	OK	 
USER	DemoSimulation1	END	1677069099826
USER	DemoSimulation1	START	1677069100054
REQUEST		loginRequest	1677069100054	1677069100064	OK	 
REQUEST		logoutRequest	1677069100065	1677069100070	OK	 
USER	DemoSimulation1	END	1677069100071
USER	DemoSimulation1	START	1677069100301
REQUEST		loginRequest	1677069100301	1677069100311	OK	 
REQUEST		logoutRequest	1677069100312	1677069100317	OK	 
USER	DemoSimulation1	END	1677069100318
USER	DemoSimulation1	START	1677069100546
REQUEST		loginRequest	1677069100547	1677069100555	OK	 
REQUEST		logoutRequest	1677069100556	1677069100560	OK	 
USER	DemoSimulation1	END	1677069100561
USER	DemoSimulation1	START	1677069100793
REQUEST		loginRequest	1677069100794	1677069100802	OK	 
REQUEST		logoutRequest	1677069100803	1677069100809	OK	 
USER	DemoSimulation1	END	1677069100810
USER	DemoSimulation1	START	1677069101131
REQUEST		loginRequest	1677069101132	1677069101142	OK	 
REQUEST		logoutRequest	1677069101143	1677069101152	OK	 
USER	DemoSimulation1	END	1677069101153
USER	DemoSimulation1	START	1677069101470
REQUEST		loginRequest	1677069101470	1677069101480	OK	 
REQUEST		logoutRequest	1677069101481	1677069101490	OK	 
USER	DemoSimulation1	END	1677069101491
USER	DemoSimulation1	START	1677069101792
REQUEST		loginRequest	1677069101793	1677069101803	OK	 
REQUEST		logoutRequest	1677069101803	1677069101810	OK	 
USER	DemoSimulation1	END	1677069101810
USER	DemoSimulation1	START	1677069102055
REQUEST		loginRequest	1677069102055	1677069102064	OK	 
REQUEST		logoutRequest	1677069102064	1677069102069	OK	 
USER	DemoSimulation1	END	1677069102069
USER	DemoSimulation1	START	1677069102302
REQUEST		loginRequest	1677069102303	1677069102313	OK	 
REQUEST		logoutRequest	1677069102314	1677069102320	OK	 
USER	DemoSimulation1	END	1677069102321
USER	DemoSimulation1	START	1677069102548
REQUEST		loginRequest	1677069102548	1677069102556	OK	 
REQUEST		logoutRequest	1677069102556	1677069102563	OK	 
USER	DemoSimulation1	END	1677069102563
USER	DemoSimulation1	START	1677069102795
REQUEST		loginRequest	1677069102795	1677069102803	OK	 
REQUEST		logoutRequest	1677069102804	1677069102815	OK	 
USER	DemoSimulation1	END	1677069102816
USER	DemoSimulation1	START	1677069103056
REQUEST		loginRequest	1677069103057	1677069103064	OK	 
REQUEST		logoutRequest	1677069103064	1677069103070	OK	 
USER	DemoSimulation1	END	1677069103071
USER	DemoSimulation1	START	1677069103303
REQUEST		loginRequest	1677069103303	1677069103311	OK	 
REQUEST		logoutRequest	1677069103312	1677069103318	OK	 
USER	DemoSimulation1	END	1677069103319
USER	DemoSimulation1	START	1677069103549
REQUEST		loginRequest	1677069103550	1677069103557	OK	 
REQUEST		logoutRequest	1677069103558	1677069103562	OK	 
USER	DemoSimulation1	END	1677069103563
USER	DemoSimulation1	START	1677069103797
REQUEST		loginRequest	1677069103797	1677069103805	OK	 
REQUEST		logoutRequest	1677069103806	1677069103812	OK	 
USER	DemoSimulation1	END	1677069103813
USER	DemoSimulation1	START	1677069104058
REQUEST		loginRequest	1677069104059	1677069104068	OK	 
REQUEST		logoutRequest	1677069104068	1677069104072	OK	 
USER	DemoSimulation1	END	1677069104073
USER	DemoSimulation1	START	1677069104304
REQUEST		loginRequest	1677069104304	1677069104311	OK	 
REQUEST		logoutRequest	1677069104312	1677069104320	OK	 
USER	DemoSimulation1	END	1677069104320
USER	DemoSimulation1	START	1677069104550
REQUEST		loginRequest	1677069104551	1677069104558	OK	 
REQUEST		logoutRequest	1677069104559	1677069104564	OK	 
USER	DemoSimulation1	END	1677069104564
USER	DemoSimulation1	START	1677069104797
REQUEST		loginRequest	1677069104798	1677069104808	OK	 
REQUEST		logoutRequest	1677069104809	1677069104814	OK	 
USER	DemoSimulation1	END	1677069104814
USER	DemoSimulation1	START	1677069105058
REQUEST		loginRequest	1677069105059	1677069105067	OK	 
REQUEST		logoutRequest	1677069105068	1677069105071	OK	 
USER	DemoSimulation1	END	1677069105072
USER	DemoSimulation1	START	1677069105305
REQUEST		loginRequest	1677069105305	1677069105313	OK	 
REQUEST		logoutRequest	1677069105313	1677069105319	OK	 
USER	DemoSimulation1	END	1677069105319
USER	DemoSimulation1	START	1677069105553
REQUEST		loginRequest	1677069105553	1677069105563	OK	 
REQUEST		logoutRequest	1677069105563	1677069105568	OK	 
USER	DemoSimulation1	END	1677069105569
USER	DemoSimulation1	START	1677069105799
REQUEST		loginRequest	1677069105800	1677069105809	OK	 
REQUEST		logoutRequest	1677069105809	1677069105814	OK	 
USER	DemoSimulation1	END	1677069105815
USER	DemoSimulation1	START	1677069106044
REQUEST		loginRequest	1677069106045	1677069106052	OK	 
REQUEST		logoutRequest	1677069106053	1677069106057	OK	 
USER	DemoSimulation1	END	1677069106058
USER	DemoSimulation1	START	1677069106308
REQUEST		loginRequest	1677069106309	1677069106319	OK	 
REQUEST		logoutRequest	1677069106320	1677069106324	OK	 
USER	DemoSimulation1	END	1677069106325
USER	DemoSimulation1	START	1677069106554
REQUEST		loginRequest	1677069106554	1677069106562	OK	 
REQUEST		logoutRequest	1677069106563	1677069106568	OK	 
USER	DemoSimulation1	END	1677069106569
USER	DemoSimulation1	START	1677069106800
REQUEST		loginRequest	1677069106801	1677069106808	OK	 
REQUEST		logoutRequest	1677069106809	1677069106817	OK	 
USER	DemoSimulation1	END	1677069106818
USER	DemoSimulation1	START	1677069107047
REQUEST		loginRequest	1677069107048	1677069107057	OK	 
REQUEST		logoutRequest	1677069107058	1677069107062	OK	 
USER	DemoSimulation1	END	1677069107063
USER	DemoSimulation1	START	1677069107308
REQUEST		loginRequest	1677069107308	1677069107316	OK	 
REQUEST		logoutRequest	1677069107317	1677069107321	OK	 
USER	DemoSimulation1	END	1677069107322
USER	DemoSimulation1	START	1677069107554
REQUEST		loginRequest	1677069107554	1677069107564	OK	 
REQUEST		logoutRequest	1677069107565	1677069107574	OK	 
USER	DemoSimulation1	END	1677069107575
USER	DemoSimulation1	START	1677069107800
REQUEST		loginRequest	1677069107801	1677069107809	OK	 
REQUEST		logoutRequest	1677069107809	1677069107815	OK	 
USER	DemoSimulation1	END	1677069107816
USER	DemoSimulation1	START	1677069108001
REQUEST		loginRequest	1677069108002	1677069108011	OK	 
REQUEST		logoutRequest	1677069108012	1677069108017	OK	 
USER	DemoSimulation1	END	1677069108018
USER	DemoSimulation1	START	1677069108199
REQUEST		loginRequest	1677069108200	1677069108208	OK	 
REQUEST		logoutRequest	1677069108209	1677069108214	OK	 
USER	DemoSimulation1	END	1677069108215
USER	DemoSimulation1	START	1677069108401
REQUEST		loginRequest	1677069108401	1677069108410	OK	 
REQUEST		logoutRequest	1677069108411	1677069108416	OK	 
USER	DemoSimulation1	END	1677069108417
USER	DemoSimulation1	START	1677069108600
REQUEST		loginRequest	1677069108601	1677069108609	OK	 
REQUEST		logoutRequest	1677069108610	1677069108616	OK	 
USER	DemoSimulation1	END	1677069108616
USER	DemoSimulation1	START	1677069108801
REQUEST		loginRequest	1677069108802	1677069108812	OK	 
REQUEST		logoutRequest	1677069108813	1677069108817	OK	 
USER	DemoSimulation1	END	1677069108818
USER	DemoSimulation1	START	1677069109047
REQUEST		loginRequest	1677069109048	1677069109054	OK	 
REQUEST		logoutRequest	1677069109055	1677069109059	OK	 
USER	DemoSimulation1	END	1677069109060
USER	DemoSimulation1	START	1677069109294
REQUEST		loginRequest	1677069109294	1677069109301	OK	 
REQUEST		logoutRequest	1677069109302	1677069109307	OK	 
USER	DemoSimulation1	END	1677069109308
USER	DemoSimulation1	START	1677069109555
REQUEST		loginRequest	1677069109555	1677069109561	OK	 
REQUEST		logoutRequest	1677069109562	1677069109565	OK	 
USER	DemoSimulation1	END	1677069109566
USER	DemoSimulation1	START	1677069109801
REQUEST		loginRequest	1677069109802	1677069109810	OK	 
REQUEST		logoutRequest	1677069109811	1677069109816	OK	 
USER	DemoSimulation1	END	1677069109816
USER	DemoSimulation1	START	1677069110001
REQUEST		loginRequest	1677069110001	1677069110010	OK	 
REQUEST		logoutRequest	1677069110010	1677069110014	OK	 
USER	DemoSimulation1	END	1677069110014
USER	DemoSimulation1	START	1677069110200
REQUEST		loginRequest	1677069110201	1677069110208	OK	 
REQUEST		logoutRequest	1677069110209	1677069110213	OK	 
USER	DemoSimulation1	END	1677069110214
USER	DemoSimulation1	START	1677069110401
REQUEST		loginRequest	1677069110402	1677069110411	OK	 
REQUEST		logoutRequest	1677069110411	1677069110416	OK	 
USER	DemoSimulation1	END	1677069110416
USER	DemoSimulation1	START	1677069110600
REQUEST		loginRequest	1677069110600	1677069110607	OK	 
REQUEST		logoutRequest	1677069110608	1677069110613	OK	 
USER	DemoSimulation1	END	1677069110614
USER	DemoSimulation1	START	1677069110799
REQUEST		loginRequest	1677069110800	1677069110808	OK	 
REQUEST		logoutRequest	1677069110809	1677069110813	OK	 
USER	DemoSimulation1	END	1677069110814
USER	DemoSimulation1	START	1677069110998
REQUEST		loginRequest	1677069110999	1677069111006	OK	 
REQUEST		logoutRequest	1677069111007	1677069111011	OK	 
USER	DemoSimulation1	END	1677069111012
USER	DemoSimulation1	START	1677069111197
REQUEST		loginRequest	1677069111198	1677069111205	OK	 
REQUEST		logoutRequest	1677069111205	1677069111213	OK	 
USER	DemoSimulation1	END	1677069111213
USER	DemoSimulation1	START	1677069111397
REQUEST		loginRequest	1677069111398	1677069111406	OK	 
REQUEST		logoutRequest	1677069111407	1677069111415	OK	 
USER	DemoSimulation1	END	1677069111416
USER	DemoSimulation1	START	1677069111598
REQUEST		loginRequest	1677069111598	1677069111606	OK	 
REQUEST		logoutRequest	1677069111606	1677069111612	OK	 
USER	DemoSimulation1	END	1677069111613
USER	DemoSimulation1	START	1677069111797
REQUEST		loginRequest	1677069111798	1677069111806	OK	 
REQUEST		logoutRequest	1677069111807	1677069111813	OK	 
USER	DemoSimulation1	END	1677069111814
USER	DemoSimulation1	START	1677069111998
REQUEST		loginRequest	1677069111999	1677069112007	OK	 
REQUEST		logoutRequest	1677069112008	1677069112012	OK	 
USER	DemoSimulation1	END	1677069112013
USER	DemoSimulation1	START	1677069112197
REQUEST		loginRequest	1677069112197	1677069112204	OK	 
REQUEST		logoutRequest	1677069112205	1677069112210	OK	 
USER	DemoSimulation1	END	1677069112211
USER	DemoSimulation1	START	1677069112398
REQUEST		loginRequest	1677069112398	1677069112407	OK	 
REQUEST		logoutRequest	1677069112408	1677069112413	OK	 
USER	DemoSimulation1	END	1677069112413
USER	DemoSimulation1	START	1677069112597
REQUEST		loginRequest	1677069112597	1677069112605	OK	 
REQUEST		logoutRequest	1677069112606	1677069112610	OK	 
USER	DemoSimulation1	END	1677069112611
USER	DemoSimulation1	START	1677069112798
REQUEST		loginRequest	1677069112798	1677069112807	OK	 
REQUEST		logoutRequest	1677069112808	1677069112812	OK	 
USER	DemoSimulation1	END	1677069112813
USER	DemoSimulation1	START	1677069112968
REQUEST		loginRequest	1677069112969	1677069112978	OK	 
REQUEST		logoutRequest	1677069112979	1677069112986	OK	 
USER	DemoSimulation1	END	1677069112987
USER	DemoSimulation1	START	1677069113137
REQUEST		loginRequest	1677069113137	1677069113146	OK	 
REQUEST		logoutRequest	1677069113147	1677069113151	OK	 
USER	DemoSimulation1	END	1677069113152
USER	DemoSimulation1	START	1677069113307
REQUEST		loginRequest	1677069113307	1677069113317	OK	 
REQUEST		logoutRequest	1677069113317	1677069113322	OK	 
USER	DemoSimulation1	END	1677069113324
USER	DemoSimulation1	START	1677069113461
REQUEST		loginRequest	1677069113461	1677069113469	OK	 
REQUEST		logoutRequest	1677069113470	1677069113476	OK	 
USER	DemoSimulation1	END	1677069113477
USER	DemoSimulation1	START	1677069113630
REQUEST		loginRequest	1677069113630	1677069113639	OK	 
REQUEST		logoutRequest	1677069113640	1677069113645	OK	 
USER	DemoSimulation1	END	1677069113646
USER	DemoSimulation1	START	1677069113800
REQUEST		loginRequest	1677069113801	1677069113809	OK	 
REQUEST		logoutRequest	1677069113809	1677069113814	OK	 
USER	DemoSimulation1	END	1677069113815
USER	DemoSimulation1	START	1677069113998
REQUEST		loginRequest	1677069113999	1677069114006	OK	 
REQUEST		logoutRequest	1677069114007	1677069114011	OK	 
USER	DemoSimulation1	END	1677069114012
USER	DemoSimulation1	START	1677069114199
REQUEST		loginRequest	1677069114200	1677069114208	OK	 
REQUEST		logoutRequest	1677069114208	1677069114212	OK	 
USER	DemoSimulation1	END	1677069114212
USER	DemoSimulation1	START	1677069114398
REQUEST		loginRequest	1677069114398	1677069114404	OK	 
REQUEST		logoutRequest	1677069114405	1677069114409	OK	 
USER	DemoSimulation1	END	1677069114410
USER	DemoSimulation1	START	1677069114598
REQUEST		loginRequest	1677069114598	1677069114607	OK	 
REQUEST		logoutRequest	1677069114607	1677069114611	OK	 
USER	DemoSimulation1	END	1677069114612
USER	DemoSimulation1	START	1677069114798
REQUEST		loginRequest	1677069114799	1677069114808	OK	 
REQUEST		logoutRequest	1677069114809	1677069114815	OK	 
USER	DemoSimulation1	END	1677069114816
USER	DemoSimulation1	START	1677069114968
REQUEST		loginRequest	1677069114969	1677069114977	OK	 
REQUEST		logoutRequest	1677069114978	1677069114981	OK	 
USER	DemoSimulation1	END	1677069114982
USER	DemoSimulation1	START	1677069115137
REQUEST		loginRequest	1677069115138	1677069115146	OK	 
REQUEST		logoutRequest	1677069115147	1677069115152	OK	 
USER	DemoSimulation1	END	1677069115152
USER	DemoSimulation1	START	1677069115307
REQUEST		loginRequest	1677069115307	1677069115315	OK	 
REQUEST		logoutRequest	1677069115316	1677069115319	OK	 
USER	DemoSimulation1	END	1677069115320
USER	DemoSimulation1	START	1677069115460
REQUEST		loginRequest	1677069115461	1677069115470	OK	 
REQUEST		logoutRequest	1677069115471	1677069115477	OK	 
USER	DemoSimulation1	END	1677069115478
USER	DemoSimulation1	START	1677069115631
REQUEST		loginRequest	1677069115631	1677069115640	OK	 
REQUEST		logoutRequest	1677069115641	1677069115644	OK	 
USER	DemoSimulation1	END	1677069115645
USER	DemoSimulation1	START	1677069115800
REQUEST		loginRequest	1677069115800	1677069115808	OK	 
REQUEST		logoutRequest	1677069115809	1677069115813	OK	 
USER	DemoSimulation1	END	1677069115814
USER	DemoSimulation1	START	1677069115999
REQUEST		loginRequest	1677069116000	1677069116007	OK	 
REQUEST		logoutRequest	1677069116007	1677069116011	OK	 
USER	DemoSimulation1	END	1677069116011
USER	DemoSimulation1	START	1677069116199
REQUEST		loginRequest	1677069116200	1677069116207	OK	 
REQUEST		logoutRequest	1677069116207	1677069116212	OK	 
USER	DemoSimulation1	END	1677069116212
USER	DemoSimulation1	START	1677069116400
REQUEST		loginRequest	1677069116400	1677069116408	OK	 
REQUEST		logoutRequest	1677069116409	1677069116414	OK	 
USER	DemoSimulation1	END	1677069116414
USER	DemoSimulation1	START	1677069116600
REQUEST		loginRequest	1677069116601	1677069116609	OK	 
REQUEST		logoutRequest	1677069116609	1677069116613	OK	 
USER	DemoSimulation1	END	1677069116613
USER	DemoSimulation1	START	1677069116799
REQUEST		loginRequest	1677069116800	1677069116807	OK	 
REQUEST		logoutRequest	1677069116808	1677069116814	OK	 
USER	DemoSimulation1	END	1677069116815
USER	DemoSimulation1	START	1677069116969
REQUEST		loginRequest	1677069116970	1677069116979	OK	 
REQUEST		logoutRequest	1677069116980	1677069116983	OK	 
USER	DemoSimulation1	END	1677069116984
USER	DemoSimulation1	START	1677069117138
REQUEST		loginRequest	1677069117139	1677069117147	OK	 
REQUEST		logoutRequest	1677069117148	1677069117152	OK	 
USER	DemoSimulation1	END	1677069117153
USER	DemoSimulation1	START	1677069117309
REQUEST		loginRequest	1677069117309	1677069117317	OK	 
REQUEST		logoutRequest	1677069117317	1677069117321	OK	 
USER	DemoSimulation1	END	1677069117322
USER	DemoSimulation1	START	1677069117461
REQUEST		loginRequest	1677069117462	1677069117469	OK	 
REQUEST		logoutRequest	1677069117470	1677069117475	OK	 
USER	DemoSimulation1	END	1677069117476
USER	DemoSimulation1	START	1677069117631
REQUEST		loginRequest	1677069117631	1677069117641	OK	 
REQUEST		logoutRequest	1677069117641	1677069117646	OK	 
USER	DemoSimulation1	END	1677069117647
USER	DemoSimulation1	START	1677069117801
REQUEST		loginRequest	1677069117802	1677069117809	OK	 
REQUEST		logoutRequest	1677069117810	1677069117813	OK	 
USER	DemoSimulation1	END	1677069117813
USER	DemoSimulation1	START	1677069117970
REQUEST		loginRequest	1677069117971	1677069117978	OK	 
REQUEST		logoutRequest	1677069117979	1677069117984	OK	 
USER	DemoSimulation1	END	1677069117985
USER	DemoSimulation1	START	1677069118139
REQUEST		loginRequest	1677069118140	1677069118147	OK	 
REQUEST		logoutRequest	1677069118148	1677069118151	OK	 
USER	DemoSimulation1	END	1677069118152
USER	DemoSimulation1	START	1677069118294
REQUEST		loginRequest	1677069118295	1677069118303	OK	 
REQUEST		logoutRequest	1677069118304	1677069118309	OK	 
USER	DemoSimulation1	END	1677069118310
USER	DemoSimulation1	START	1677069118464
REQUEST		loginRequest	1677069118465	1677069118474	OK	 
REQUEST		logoutRequest	1677069118475	1677069118479	OK	 
USER	DemoSimulation1	END	1677069118480
USER	DemoSimulation1	START	1677069118634
REQUEST		loginRequest	1677069118635	1677069118645	OK	 
REQUEST		logoutRequest	1677069118646	1677069118652	OK	 
USER	DemoSimulation1	END	1677069118653
USER	DemoSimulation1	START	1677069118804
REQUEST		loginRequest	1677069118804	1677069118811	OK	 
REQUEST		logoutRequest	1677069118812	1677069118818	OK	 
USER	DemoSimulation1	END	1677069118819
USER	DemoSimulation1	START	1677069118973
REQUEST		loginRequest	1677069118974	1677069118985	OK	 
REQUEST		logoutRequest	1677069118986	1677069118993	OK	 
USER	DemoSimulation1	END	1677069118994
USER	DemoSimulation1	START	1677069119128
REQUEST		loginRequest	1677069119128	1677069119144	OK	 
REQUEST		logoutRequest	1677069119145	1677069119152	OK	 
USER	DemoSimulation1	END	1677069119153
USER	DemoSimulation1	START	1677069119298
REQUEST		loginRequest	1677069119299	1677069119311	OK	 
REQUEST		logoutRequest	1677069119313	1677069119320	OK	 
USER	DemoSimulation1	END	1677069119321
USER	DemoSimulation1	START	1677069119467
REQUEST		loginRequest	1677069119468	1677069119476	OK	 
REQUEST		logoutRequest	1677069119477	1677069119485	OK	 
USER	DemoSimulation1	END	1677069119486
USER	DemoSimulation1	START	1677069119636
REQUEST		loginRequest	1677069119636	1677069119642	OK	 
REQUEST		logoutRequest	1677069119643	1677069119650	OK	 
USER	DemoSimulation1	END	1677069119650
USER	DemoSimulation1	START	1677069119792
REQUEST		loginRequest	1677069119793	1677069119801	OK	 
REQUEST		logoutRequest	1677069119802	1677069119807	OK	 
USER	DemoSimulation1	END	1677069119808
USER	DemoSimulation1	START	1677069119944
REQUEST		loginRequest	1677069119945	1677069119956	OK	 
REQUEST		logoutRequest	1677069119959	1677069119970	OK	 
USER	DemoSimulation1	END	1677069119971
USER	DemoSimulation1	START	1677069120083
REQUEST		loginRequest	1677069120083	1677069120091	OK	 
REQUEST		logoutRequest	1677069120092	1677069120098	OK	 
USER	DemoSimulation1	END	1677069120099
USER	DemoSimulation1	START	1677069120222
REQUEST		loginRequest	1677069120223	1677069120233	OK	 
REQUEST		logoutRequest	1677069120233	1677069120240	OK	 
USER	DemoSimulation1	END	1677069120240
USER	DemoSimulation1	START	1677069120376
REQUEST		loginRequest	1677069120376	1677069120384	OK	 
REQUEST		logoutRequest	1677069120384	1677069120388	OK	 
USER	DemoSimulation1	END	1677069120388
USER	DemoSimulation1	START	1677069120515
REQUEST		loginRequest	1677069120515	1677069120521	OK	 
REQUEST		logoutRequest	1677069120522	1677069120525	OK	 
USER	DemoSimulation1	END	1677069120525
USER	DemoSimulation1	START	1677069120653
REQUEST		loginRequest	1677069120654	1677069120662	OK	 
REQUEST		logoutRequest	1677069120663	1677069120667	OK	 
USER	DemoSimulation1	END	1677069120667
USER	DemoSimulation1	START	1677069120793
REQUEST		loginRequest	1677069120794	1677069120801	OK	 
REQUEST		logoutRequest	1677069120802	1677069120806	OK	 
USER	DemoSimulation1	END	1677069120806
USER	DemoSimulation1	START	1677069120959
REQUEST		loginRequest	1677069120959	1677069120966	OK	 
REQUEST		logoutRequest	1677069120966	1677069120972	OK	 
USER	DemoSimulation1	END	1677069120973
USER	DemoSimulation1	START	1677069121126
REQUEST		loginRequest	1677069121126	1677069121135	OK	 
REQUEST		logoutRequest	1677069121136	1677069121141	OK	 
USER	DemoSimulation1	END	1677069121142
USER	DemoSimulation1	START	1677069121298
REQUEST		loginRequest	1677069121298	1677069121308	OK	 
REQUEST		logoutRequest	1677069121309	1677069121316	OK	 
USER	DemoSimulation1	END	1677069121316
USER	DemoSimulation1	START	1677069121467
REQUEST		loginRequest	1677069121468	1677069121476	OK	 
REQUEST		logoutRequest	1677069121477	1677069121482	OK	 
USER	DemoSimulation1	END	1677069121483
USER	DemoSimulation1	START	1677069121637
REQUEST		loginRequest	1677069121638	1677069121645	OK	 
REQUEST		logoutRequest	1677069121646	1677069121649	OK	 
USER	DemoSimulation1	END	1677069121649
USER	DemoSimulation1	START	1677069121792
REQUEST		loginRequest	1677069121793	1677069121800	OK	 
REQUEST		logoutRequest	1677069121801	1677069121805	OK	 
USER	DemoSimulation1	END	1677069121806
USER	DemoSimulation1	START	1677069121946
REQUEST		loginRequest	1677069121946	1677069121953	OK	 
REQUEST		logoutRequest	1677069121954	1677069121958	OK	 
USER	DemoSimulation1	END	1677069121959
USER	DemoSimulation1	START	1677069122086
REQUEST		loginRequest	1677069122086	1677069122095	OK	 
REQUEST		logoutRequest	1677069122095	1677069122100	OK	 
USER	DemoSimulation1	END	1677069122101
USER	DemoSimulation1	START	1677069122225
REQUEST		loginRequest	1677069122225	1677069122232	OK	 
REQUEST		logoutRequest	1677069122233	1677069122237	OK	 
USER	DemoSimulation1	END	1677069122237
USER	DemoSimulation1	START	1677069122378
REQUEST		loginRequest	1677069122379	1677069122386	OK	 
REQUEST		logoutRequest	1677069122386	1677069122390	OK	 
USER	DemoSimulation1	END	1677069122390
USER	DemoSimulation1	START	1677069122516
REQUEST		loginRequest	1677069122517	1677069122523	OK	 
REQUEST		logoutRequest	1677069122524	1677069122529	OK	 
USER	DemoSimulation1	END	1677069122529
USER	DemoSimulation1	START	1677069122655
REQUEST		loginRequest	1677069122656	1677069122663	OK	 
REQUEST		logoutRequest	1677069122663	1677069122667	OK	 
USER	DemoSimulation1	END	1677069122667
USER	DemoSimulation1	START	1677069122793
REQUEST		loginRequest	1677069122794	1677069122802	OK	 
REQUEST		logoutRequest	1677069122802	1677069122808	OK	 
USER	DemoSimulation1	END	1677069122809
USER	DemoSimulation1	START	1677069122948
REQUEST		loginRequest	1677069122948	1677069122955	OK	 
REQUEST		logoutRequest	1677069122956	1677069122960	OK	 
USER	DemoSimulation1	END	1677069122960
USER	DemoSimulation1	START	1677069123086
REQUEST		loginRequest	1677069123087	1677069123095	OK	 
REQUEST		logoutRequest	1677069123095	1677069123099	OK	 
USER	DemoSimulation1	END	1677069123099
USER	DemoSimulation1	START	1677069123224
REQUEST		loginRequest	1677069123225	1677069123233	OK	 
REQUEST		logoutRequest	1677069123234	1677069123239	OK	 
USER	DemoSimulation1	END	1677069123239
USER	DemoSimulation1	START	1677069123377
REQUEST		loginRequest	1677069123378	1677069123384	OK	 
REQUEST		logoutRequest	1677069123385	1677069123390	OK	 
USER	DemoSimulation1	END	1677069123390
USER	DemoSimulation1	START	1677069123517
REQUEST		loginRequest	1677069123518	1677069123526	OK	 
REQUEST		logoutRequest	1677069123526	1677069123529	OK	 
USER	DemoSimulation1	END	1677069123530
USER	DemoSimulation1	START	1677069123655
REQUEST		loginRequest	1677069123656	1677069123662	OK	 
REQUEST		logoutRequest	1677069123663	1677069123667	OK	 
USER	DemoSimulation1	END	1677069123667
USER	DemoSimulation1	START	1677069123795
REQUEST		loginRequest	1677069123795	1677069123803	OK	 
REQUEST		logoutRequest	1677069123804	1677069123811	OK	 
USER	DemoSimulation1	END	1677069123812
USER	DemoSimulation1	START	1677069123950
REQUEST		loginRequest	1677069123951	1677069123959	OK	 
REQUEST		logoutRequest	1677069123960	1677069123963	OK	 
USER	DemoSimulation1	END	1677069123964
USER	DemoSimulation1	START	1677069124088
REQUEST		loginRequest	1677069124088	1677069124095	OK	 
REQUEST		logoutRequest	1677069124096	1677069124100	OK	 
USER	DemoSimulation1	END	1677069124100
USER	DemoSimulation1	START	1677069124226
REQUEST		loginRequest	1677069124226	1677069124234	OK	 
REQUEST		logoutRequest	1677069124234	1677069124238	OK	 
USER	DemoSimulation1	END	1677069124238
USER	DemoSimulation1	START	1677069124365
REQUEST		loginRequest	1677069124365	1677069124376	OK	 
REQUEST		logoutRequest	1677069124376	1677069124380	OK	 
USER	DemoSimulation1	END	1677069124380
USER	DemoSimulation1	START	1677069124518
REQUEST		loginRequest	1677069124518	1677069124525	OK	 
REQUEST		logoutRequest	1677069124526	1677069124530	OK	 
USER	DemoSimulation1	END	1677069124530
USER	DemoSimulation1	START	1677069124656
REQUEST		loginRequest	1677069124657	1677069124666	OK	 
REQUEST		logoutRequest	1677069124666	1677069124669	OK	 
USER	DemoSimulation1	END	1677069124670
USER	DemoSimulation1	START	1677069124795
REQUEST		loginRequest	1677069124796	1677069124804	OK	 
REQUEST		logoutRequest	1677069124804	1677069124809	OK	 
USER	DemoSimulation1	END	1677069124810
USER	DemoSimulation1	START	1677069124948
REQUEST		loginRequest	1677069124949	1677069124956	OK	 
REQUEST		logoutRequest	1677069124957	1677069124960	OK	 
USER	DemoSimulation1	END	1677069124960
USER	DemoSimulation1	START	1677069125087
REQUEST		loginRequest	1677069125088	1677069125095	OK	 
REQUEST		logoutRequest	1677069125096	1677069125100	OK	 
USER	DemoSimulation1	END	1677069125100
USER	DemoSimulation1	START	1677069125225
REQUEST		loginRequest	1677069125226	1677069125233	OK	 
REQUEST		logoutRequest	1677069125234	1677069125237	OK	 
USER	DemoSimulation1	END	1677069125238
USER	DemoSimulation1	START	1677069125379
REQUEST		loginRequest	1677069125379	1677069125386	OK	 
REQUEST		logoutRequest	1677069125387	1677069125391	OK	 
USER	DemoSimulation1	END	1677069125392
USER	DemoSimulation1	START	1677069125517
REQUEST		loginRequest	1677069125518	1677069125527	OK	 
REQUEST		logoutRequest	1677069125528	1677069125532	OK	 
USER	DemoSimulation1	END	1677069125533
USER	DemoSimulation1	START	1677069125655
REQUEST		loginRequest	1677069125656	1677069125663	OK	 
REQUEST		logoutRequest	1677069125663	1677069125667	OK	 
USER	DemoSimulation1	END	1677069125668
USER	DemoSimulation1	START	1677069125809
REQUEST		loginRequest	1677069125810	1677069125819	OK	 
REQUEST		logoutRequest	1677069125820	1677069125824	OK	 
USER	DemoSimulation1	END	1677069125824
USER	DemoSimulation1	START	1677069125947
REQUEST		loginRequest	1677069125947	1677069125955	OK	 
REQUEST		logoutRequest	1677069125955	1677069125961	OK	 
USER	DemoSimulation1	END	1677069125962
USER	DemoSimulation1	START	1677069126086
REQUEST		loginRequest	1677069126086	1677069126094	OK	 
REQUEST		logoutRequest	1677069126095	1677069126099	OK	 
USER	DemoSimulation1	END	1677069126099
USER	DemoSimulation1	START	1677069126223
REQUEST		loginRequest	1677069126224	1677069126231	OK	 
REQUEST		logoutRequest	1677069126231	1677069126235	OK	 
USER	DemoSimulation1	END	1677069126236
USER	DemoSimulation1	START	1677069126378
REQUEST		loginRequest	1677069126378	1677069126385	OK	 
REQUEST		logoutRequest	1677069126386	1677069126390	OK	 
USER	DemoSimulation1	END	1677069126390
USER	DemoSimulation1	START	1677069126516
REQUEST		loginRequest	1677069126516	1677069126524	OK	 
REQUEST		logoutRequest	1677069126525	1677069126532	OK	 
USER	DemoSimulation1	END	1677069126533
USER	DemoSimulation1	START	1677069126655
REQUEST		loginRequest	1677069126655	1677069126664	OK	 
REQUEST		logoutRequest	1677069126665	1677069126669	OK	 
USER	DemoSimulation1	END	1677069126669
USER	DemoSimulation1	START	1677069126793
REQUEST		loginRequest	1677069126794	1677069126802	OK	 
REQUEST		logoutRequest	1677069126802	1677069126807	OK	 
USER	DemoSimulation1	END	1677069126807
USER	DemoSimulation1	START	1677069126948
REQUEST		loginRequest	1677069126948	1677069126954	OK	 
REQUEST		logoutRequest	1677069126954	1677069126958	OK	 
USER	DemoSimulation1	END	1677069126959
USER	DemoSimulation1	START	1677069127086
REQUEST		loginRequest	1677069127087	1677069127096	OK	 
REQUEST		logoutRequest	1677069127096	1677069127102	OK	 
USER	DemoSimulation1	END	1677069127103
USER	DemoSimulation1	START	1677069127224
REQUEST		loginRequest	1677069127225	1677069127233	OK	 
REQUEST		logoutRequest	1677069127233	1677069127238	OK	 
USER	DemoSimulation1	END	1677069127238
USER	DemoSimulation1	START	1677069127377
REQUEST		loginRequest	1677069127378	1677069127383	OK	 
REQUEST		logoutRequest	1677069127383	1677069127386	OK	 
USER	DemoSimulation1	END	1677069127387
USER	DemoSimulation1	START	1677069127516
REQUEST		loginRequest	1677069127517	1677069127524	OK	 
REQUEST		logoutRequest	1677069127524	1677069127530	OK	 
USER	DemoSimulation1	END	1677069127530
USER	DemoSimulation1	START	1677069127655
REQUEST		loginRequest	1677069127655	1677069127662	OK	 
REQUEST		logoutRequest	1677069127662	1677069127666	OK	 
USER	DemoSimulation1	END	1677069127667
USER	DemoSimulation1	START	1677069127808
REQUEST		loginRequest	1677069127808	1677069127816	OK	 
REQUEST		logoutRequest	1677069127816	1677069127822	OK	 
USER	DemoSimulation1	END	1677069127823
USER	DemoSimulation1	START	1677069127931
REQUEST		loginRequest	1677069127932	1677069127938	OK	 
REQUEST		logoutRequest	1677069127939	1677069127943	OK	 
USER	DemoSimulation1	END	1677069127943
USER	DemoSimulation1	START	1677069128054
REQUEST		loginRequest	1677069128055	1677069128062	OK	 
REQUEST		logoutRequest	1677069128062	1677069128065	OK	 
USER	DemoSimulation1	END	1677069128066
USER	DemoSimulation1	START	1677069128178
REQUEST		loginRequest	1677069128178	1677069128185	OK	 
REQUEST		logoutRequest	1677069128186	1677069128190	OK	 
USER	DemoSimulation1	END	1677069128190
USER	DemoSimulation1	START	1677069128300
REQUEST		loginRequest	1677069128301	1677069128307	OK	 
REQUEST		logoutRequest	1677069128308	1677069128312	OK	 
USER	DemoSimulation1	END	1677069128312
USER	DemoSimulation1	START	1677069128423
REQUEST		loginRequest	1677069128423	1677069128431	OK	 
REQUEST		logoutRequest	1677069128432	1677069128440	OK	 
USER	DemoSimulation1	END	1677069128441
USER	DemoSimulation1	START	1677069128546
REQUEST		loginRequest	1677069128547	1677069128556	OK	 
REQUEST		logoutRequest	1677069128557	1677069128562	OK	 
USER	DemoSimulation1	END	1677069128562
USER	DemoSimulation1	START	1677069128685
REQUEST		loginRequest	1677069128685	1677069128694	OK	 
REQUEST		logoutRequest	1677069128694	1677069128700	OK	 
USER	DemoSimulation1	END	1677069128700
USER	DemoSimulation1	START	1677069128807
REQUEST		loginRequest	1677069128807	1677069128814	OK	 
REQUEST		logoutRequest	1677069128815	1677069128818	OK	 
USER	DemoSimulation1	END	1677069128818
USER	DemoSimulation1	START	1677069128946
REQUEST		loginRequest	1677069128946	1677069128955	OK	 
REQUEST		logoutRequest	1677069128955	1677069128958	OK	 
USER	DemoSimulation1	END	1677069128958
USER	DemoSimulation1	START	1677069129083
REQUEST		loginRequest	1677069129084	1677069129090	OK	 
REQUEST		logoutRequest	1677069129091	1677069129097	OK	 
USER	DemoSimulation1	END	1677069129097
USER	DemoSimulation1	START	1677069129221
REQUEST		loginRequest	1677069129222	1677069129230	OK	 
REQUEST		logoutRequest	1677069129231	1677069129234	OK	 
USER	DemoSimulation1	END	1677069129235
USER	DemoSimulation1	START	1677069129376
REQUEST		loginRequest	1677069129377	1677069129383	OK	 
REQUEST		logoutRequest	1677069129384	1677069129388	OK	 
USER	DemoSimulation1	END	1677069129388
USER	DemoSimulation1	START	1677069129515
REQUEST		loginRequest	1677069129515	1677069129524	OK	 
REQUEST		logoutRequest	1677069129524	1677069129527	OK	 
USER	DemoSimulation1	END	1677069129528
USER	DemoSimulation1	START	1677069129654
REQUEST		loginRequest	1677069129654	1677069129666	OK	 
REQUEST		logoutRequest	1677069129667	1677069129672	OK	 
USER	DemoSimulation1	END	1677069129673
USER	DemoSimulation1	START	1677069129793
REQUEST		loginRequest	1677069129793	1677069129799	OK	 
REQUEST		logoutRequest	1677069129800	1677069129803	OK	 
USER	DemoSimulation1	END	1677069129804
USER	DemoSimulation1	START	1677069129930
REQUEST		loginRequest	1677069129931	1677069129938	OK	 
REQUEST		logoutRequest	1677069129938	1677069129942	OK	 
USER	DemoSimulation1	END	1677069129942
USER	DemoSimulation1	START	1677069130054
REQUEST		loginRequest	1677069130054	1677069130061	OK	 
REQUEST		logoutRequest	1677069130062	1677069130065	OK	 
USER	DemoSimulation1	END	1677069130066
USER	DemoSimulation1	START	1677069130177
REQUEST		loginRequest	1677069130178	1677069130186	OK	 
REQUEST		logoutRequest	1677069130187	1677069130190	OK	 
USER	DemoSimulation1	END	1677069130190
USER	DemoSimulation1	START	1677069130299
REQUEST		loginRequest	1677069130300	1677069130307	OK	 
REQUEST		logoutRequest	1677069130307	1677069130311	OK	 
USER	DemoSimulation1	END	1677069130311
USER	DemoSimulation1	START	1677069130422
REQUEST		loginRequest	1677069130423	1677069130432	OK	 
REQUEST		logoutRequest	1677069130432	1677069130436	OK	 
USER	DemoSimulation1	END	1677069130436
USER	DemoSimulation1	START	1677069130546
REQUEST		loginRequest	1677069130546	1677069130554	OK	 
REQUEST		logoutRequest	1677069130554	1677069130559	OK	 
USER	DemoSimulation1	END	1677069130560
USER	DemoSimulation1	START	1677069130670
REQUEST		loginRequest	1677069130670	1677069130677	OK	 
REQUEST		logoutRequest	1677069130677	1677069130682	OK	 
USER	DemoSimulation1	END	1677069130682
USER	DemoSimulation1	START	1677069130795
REQUEST		loginRequest	1677069130795	1677069130803	OK	 
REQUEST		logoutRequest	1677069130803	1677069130807	OK	 
USER	DemoSimulation1	END	1677069130808
USER	DemoSimulation1	START	1677069130932
REQUEST		loginRequest	1677069130932	1677069130938	OK	 
REQUEST		logoutRequest	1677069130939	1677069130945	OK	 
USER	DemoSimulation1	END	1677069130946
USER	DemoSimulation1	START	1677069131055
REQUEST		loginRequest	1677069131055	1677069131063	OK	 
REQUEST		logoutRequest	1677069131063	1677069131066	OK	 
USER	DemoSimulation1	END	1677069131067
USER	DemoSimulation1	START	1677069131178
REQUEST		loginRequest	1677069131179	1677069131184	OK	 
REQUEST		logoutRequest	1677069131185	1677069131189	OK	 
USER	DemoSimulation1	END	1677069131190
USER	DemoSimulation1	START	1677069131302
REQUEST		loginRequest	1677069131302	1677069131309	OK	 
REQUEST		logoutRequest	1677069131309	1677069131315	OK	 
USER	DemoSimulation1	END	1677069131316
USER	DemoSimulation1	START	1677069131425
REQUEST		loginRequest	1677069131425	1677069131432	OK	 
REQUEST		logoutRequest	1677069131433	1677069131437	OK	 
USER	DemoSimulation1	END	1677069131437
USER	DemoSimulation1	START	1677069131549
REQUEST		loginRequest	1677069131549	1677069131558	OK	 
REQUEST		logoutRequest	1677069131558	1677069131563	OK	 
USER	DemoSimulation1	END	1677069131564
USER	DemoSimulation1	START	1677069131672
REQUEST		loginRequest	1677069131673	1677069131681	OK	 
REQUEST		logoutRequest	1677069131681	1677069131685	OK	 
USER	DemoSimulation1	END	1677069131685
USER	DemoSimulation1	START	1677069131795
REQUEST		loginRequest	1677069131795	1677069131802	OK	 
REQUEST		logoutRequest	1677069131803	1677069131808	OK	 
USER	DemoSimulation1	END	1677069131809
USER	DemoSimulation1	START	1677069131919
REQUEST		loginRequest	1677069131920	1677069131929	OK	 
REQUEST		logoutRequest	1677069131930	1677069131933	OK	 
USER	DemoSimulation1	END	1677069131934
USER	DemoSimulation1	START	1677069132057
REQUEST		loginRequest	1677069132058	1677069132066	OK	 
REQUEST		logoutRequest	1677069132067	1677069132070	OK	 
USER	DemoSimulation1	END	1677069132070
USER	DemoSimulation1	START	1677069132179
REQUEST		loginRequest	1677069132179	1677069132185	OK	 
REQUEST		logoutRequest	1677069132186	1677069132190	OK	 
USER	DemoSimulation1	END	1677069132190
USER	DemoSimulation1	START	1677069132303
REQUEST		loginRequest	1677069132303	1677069132311	OK	 
REQUEST		logoutRequest	1677069132312	1677069132315	OK	 
USER	DemoSimulation1	END	1677069132315
USER	DemoSimulation1	START	1677069132425
REQUEST		loginRequest	1677069132425	1677069132432	OK	 
REQUEST		logoutRequest	1677069132433	1677069132437	OK	 
USER	DemoSimulation1	END	1677069132437
USER	DemoSimulation1	START	1677069132548
REQUEST		loginRequest	1677069132549	1677069132556	OK	 
REQUEST		logoutRequest	1677069132557	1677069132561	OK	 
USER	DemoSimulation1	END	1677069132562
USER	DemoSimulation1	START	1677069132671
REQUEST		loginRequest	1677069132672	1677069132679	OK	 
REQUEST		logoutRequest	1677069132680	1677069132685	OK	 
USER	DemoSimulation1	END	1677069132685
USER	DemoSimulation1	START	1677069132794
REQUEST		loginRequest	1677069132794	1677069132800	OK	 
REQUEST		logoutRequest	1677069132800	1677069132803	OK	 
USER	DemoSimulation1	END	1677069132804
USER	DemoSimulation1	START	1677069132917
REQUEST		loginRequest	1677069132919	1677069132927	OK	 
REQUEST		logoutRequest	1677069132927	1677069132930	OK	 
USER	DemoSimulation1	END	1677069132930
USER	DemoSimulation1	START	1677069133026
REQUEST		loginRequest	1677069133026	1677069133035	OK	 
REQUEST		logoutRequest	1677069133036	1677069133039	OK	 
USER	DemoSimulation1	END	1677069133040
USER	DemoSimulation1	START	1677069133132
REQUEST		loginRequest	1677069133132	1677069133138	OK	 
REQUEST		logoutRequest	1677069133139	1677069133142	OK	 
USER	DemoSimulation1	END	1677069133143
USER	DemoSimulation1	START	1677069133239
REQUEST		loginRequest	1677069133240	1677069133247	OK	 
REQUEST		logoutRequest	1677069133248	1677069133251	OK	 
USER	DemoSimulation1	END	1677069133251
USER	DemoSimulation1	START	1677069133363
REQUEST		loginRequest	1677069133364	1677069133370	OK	 
REQUEST		logoutRequest	1677069133371	1677069133374	OK	 
USER	DemoSimulation1	END	1677069133374
USER	DemoSimulation1	START	1677069133470
REQUEST		loginRequest	1677069133470	1677069133477	OK	 
REQUEST		logoutRequest	1677069133478	1677069133482	OK	 
USER	DemoSimulation1	END	1677069133482
USER	DemoSimulation1	START	1677069133579
REQUEST		loginRequest	1677069133579	1677069133587	OK	 
REQUEST		logoutRequest	1677069133588	1677069133591	OK	 
USER	DemoSimulation1	END	1677069133591
USER	DemoSimulation1	START	1677069133687
REQUEST		loginRequest	1677069133687	1677069133694	OK	 
REQUEST		logoutRequest	1677069133695	1677069133699	OK	 
USER	DemoSimulation1	END	1677069133700
USER	DemoSimulation1	START	1677069133795
REQUEST		loginRequest	1677069133796	1677069133806	OK	 
REQUEST		logoutRequest	1677069133806	1677069133811	OK	 
USER	DemoSimulation1	END	1677069133811
USER	DemoSimulation1	START	1677069133919
REQUEST		loginRequest	1677069133920	1677069133928	OK	 
REQUEST		logoutRequest	1677069133928	1677069133931	OK	 
USER	DemoSimulation1	END	1677069133932
USER	DemoSimulation1	START	1677069134058
REQUEST		loginRequest	1677069134058	1677069134064	OK	 
REQUEST		logoutRequest	1677069134065	1677069134069	OK	 
USER	DemoSimulation1	END	1677069134070
USER	DemoSimulation1	START	1677069134182
REQUEST		loginRequest	1677069134183	1677069134191	OK	 
REQUEST		logoutRequest	1677069134192	1677069134197	OK	 
USER	DemoSimulation1	END	1677069134197
USER	DemoSimulation1	START	1677069134304
REQUEST		loginRequest	1677069134304	1677069134312	OK	 
REQUEST		logoutRequest	1677069134312	1677069134316	OK	 
USER	DemoSimulation1	END	1677069134317
USER	DemoSimulation1	START	1677069134426
REQUEST		loginRequest	1677069134427	1677069134435	OK	 
REQUEST		logoutRequest	1677069134436	1677069134440	OK	 
USER	DemoSimulation1	END	1677069134440
USER	DemoSimulation1	START	1677069134548
REQUEST		loginRequest	1677069134549	1677069134556	OK	 
REQUEST		logoutRequest	1677069134557	1677069134561	OK	 
USER	DemoSimulation1	END	1677069134561
USER	DemoSimulation1	START	1677069134673
REQUEST		loginRequest	1677069134674	1677069134684	OK	 
REQUEST		logoutRequest	1677069134684	1677069134687	OK	 
USER	DemoSimulation1	END	1677069134687
USER	DemoSimulation1	START	1677069134797
REQUEST		loginRequest	1677069134798	1677069134808	OK	 
REQUEST		logoutRequest	1677069134809	1677069134814	OK	 
USER	DemoSimulation1	END	1677069134815
USER	DemoSimulation1	START	1677069134918
REQUEST		loginRequest	1677069134919	1677069134925	OK	 
REQUEST		logoutRequest	1677069134926	1677069134928	OK	 
USER	DemoSimulation1	END	1677069134929
USER	DemoSimulation1	START	1677069135027
REQUEST		loginRequest	1677069135028	1677069135037	OK	 
REQUEST		logoutRequest	1677069135037	1677069135040	OK	 
USER	DemoSimulation1	END	1677069135041
USER	DemoSimulation1	START	1677069135133
REQUEST		loginRequest	1677069135134	1677069135140	OK	 
REQUEST		logoutRequest	1677069135140	1677069135145	OK	 
USER	DemoSimulation1	END	1677069135145
USER	DemoSimulation1	START	1677069135242
REQUEST		loginRequest	1677069135242	1677069135251	OK	 
REQUEST		logoutRequest	1677069135251	1677069135254	OK	 
USER	DemoSimulation1	END	1677069135254
USER	DemoSimulation1	START	1677069135365
REQUEST		loginRequest	1677069135366	1677069135374	OK	 
REQUEST		logoutRequest	1677069135374	1677069135378	OK	 
USER	DemoSimulation1	END	1677069135379
USER	DemoSimulation1	START	1677069135472
REQUEST		loginRequest	1677069135472	1677069135479	OK	 
REQUEST		logoutRequest	1677069135480	1677069135484	OK	 
USER	DemoSimulation1	END	1677069135485
USER	DemoSimulation1	START	1677069135579
REQUEST		loginRequest	1677069135579	1677069135586	OK	 
REQUEST		logoutRequest	1677069135587	1677069135590	OK	 
USER	DemoSimulation1	END	1677069135590
USER	DemoSimulation1	START	1677069135687
REQUEST		loginRequest	1677069135688	1677069135696	OK	 
REQUEST		logoutRequest	1677069135697	1677069135701	OK	 
USER	DemoSimulation1	END	1677069135702
USER	DemoSimulation1	START	1677069135809
REQUEST		loginRequest	1677069135809	1677069135819	OK	 
REQUEST		logoutRequest	1677069135819	1677069135822	OK	 
USER	DemoSimulation1	END	1677069135823
USER	DemoSimulation1	START	1677069135933
REQUEST		loginRequest	1677069135934	1677069135942	OK	 
REQUEST		logoutRequest	1677069135942	1677069135945	OK	 
USER	DemoSimulation1	END	1677069135945
USER	DemoSimulation1	START	1677069136055
REQUEST		loginRequest	1677069136055	1677069136062	OK	 
REQUEST		logoutRequest	1677069136063	1677069136067	OK	 
USER	DemoSimulation1	END	1677069136067
USER	DemoSimulation1	START	1677069136179
REQUEST		loginRequest	1677069136180	1677069136190	OK	 
REQUEST		logoutRequest	1677069136190	1677069136195	OK	 
USER	DemoSimulation1	END	1677069136196
USER	DemoSimulation1	START	1677069136302
REQUEST		loginRequest	1677069136303	1677069136311	OK	 
REQUEST		logoutRequest	1677069136313	1677069136324	OK	 
USER	DemoSimulation1	END	1677069136325
USER	DemoSimulation1	START	1677069136424
REQUEST		loginRequest	1677069136425	1677069136432	OK	 
REQUEST		logoutRequest	1677069136434	1677069136437	OK	 
USER	DemoSimulation1	END	1677069136437
USER	DemoSimulation1	START	1677069136548
REQUEST		loginRequest	1677069136549	1677069136556	OK	 
REQUEST		logoutRequest	1677069136557	1677069136560	OK	 
USER	DemoSimulation1	END	1677069136560
USER	DemoSimulation1	START	1677069136670
REQUEST		loginRequest	1677069136670	1677069136676	OK	 
REQUEST		logoutRequest	1677069136676	1677069136681	OK	 
USER	DemoSimulation1	END	1677069136681
USER	DemoSimulation1	START	1677069136794
REQUEST		loginRequest	1677069136795	1677069136802	OK	 
REQUEST		logoutRequest	1677069136803	1677069136807	OK	 
USER	DemoSimulation1	END	1677069136808
USER	DemoSimulation1	START	1677069136916
REQUEST		loginRequest	1677069136916	1677069136928	OK	 
REQUEST		logoutRequest	1677069136929	1677069136935	OK	 
USER	DemoSimulation1	END	1677069136935
USER	DemoSimulation1	START	1677069137023
REQUEST		loginRequest	1677069137024	1677069137033	OK	 
REQUEST		logoutRequest	1677069137034	1677069137040	OK	 
USER	DemoSimulation1	END	1677069137040
USER	DemoSimulation1	START	1677069137131
REQUEST		loginRequest	1677069137132	1677069137138	OK	 
REQUEST		logoutRequest	1677069137138	1677069137142	OK	 
USER	DemoSimulation1	END	1677069137143
USER	DemoSimulation1	START	1677069137254
REQUEST		loginRequest	1677069137254	1677069137260	OK	 
REQUEST		logoutRequest	1677069137261	1677069137264	OK	 
USER	DemoSimulation1	END	1677069137264
USER	DemoSimulation1	START	1677069137362
REQUEST		loginRequest	1677069137362	1677069137370	OK	 
REQUEST		logoutRequest	1677069137371	1677069137375	OK	 
USER	DemoSimulation1	END	1677069137376
USER	DemoSimulation1	START	1677069137469
REQUEST		loginRequest	1677069137470	1677069137476	OK	 
REQUEST		logoutRequest	1677069137477	1677069137481	OK	 
USER	DemoSimulation1	END	1677069137482
USER	DemoSimulation1	START	1677069137577
REQUEST		loginRequest	1677069137578	1677069137583	OK	 
REQUEST		logoutRequest	1677069137584	1677069137587	OK	 
USER	DemoSimulation1	END	1677069137587
USER	DemoSimulation1	START	1677069137685
REQUEST		loginRequest	1677069137685	1677069137691	OK	 
REQUEST		logoutRequest	1677069137691	1677069137696	OK	 
USER	DemoSimulation1	END	1677069137696
USER	DemoSimulation1	START	1677069137808
REQUEST		loginRequest	1677069137808	1677069137815	OK	 
REQUEST		logoutRequest	1677069137815	1677069137819	OK	 
USER	DemoSimulation1	END	1677069137819
USER	DemoSimulation1	START	1677069137916
REQUEST		loginRequest	1677069137916	1677069137922	OK	 
REQUEST		logoutRequest	1677069137922	1677069137927	OK	 
USER	DemoSimulation1	END	1677069137928
USER	DemoSimulation1	START	1677069138024
REQUEST		loginRequest	1677069138025	1677069138031	OK	 
REQUEST		logoutRequest	1677069138032	1677069138035	OK	 
USER	DemoSimulation1	END	1677069138036
USER	DemoSimulation1	START	1677069138131
REQUEST		loginRequest	1677069138132	1677069138139	OK	 
REQUEST		logoutRequest	1677069138140	1677069138144	OK	 
USER	DemoSimulation1	END	1677069138144
USER	DemoSimulation1	START	1677069138239
REQUEST		loginRequest	1677069138239	1677069138245	OK	 
REQUEST		logoutRequest	1677069138246	1677069138249	OK	 
USER	DemoSimulation1	END	1677069138250
USER	DemoSimulation1	START	1677069138362
REQUEST		loginRequest	1677069138362	1677069138369	OK	 
REQUEST		logoutRequest	1677069138370	1677069138373	OK	 
USER	DemoSimulation1	END	1677069138373
USER	DemoSimulation1	START	1677069138470
REQUEST		loginRequest	1677069138471	1677069138482	OK	 
REQUEST		logoutRequest	1677069138482	1677069138489	OK	 
USER	DemoSimulation1	END	1677069138489
USER	DemoSimulation1	START	1677069138578
REQUEST		loginRequest	1677069138578	1677069138584	OK	 
REQUEST		logoutRequest	1677069138584	1677069138587	OK	 
USER	DemoSimulation1	END	1677069138587
USER	DemoSimulation1	START	1677069138686
REQUEST		loginRequest	1677069138686	1677069138694	OK	 
REQUEST		logoutRequest	1677069138695	1677069138698	OK	 
USER	DemoSimulation1	END	1677069138699
USER	DemoSimulation1	START	1677069138793
REQUEST		loginRequest	1677069138793	1677069138798	OK	 
REQUEST		logoutRequest	1677069138799	1677069138801	OK	 
USER	DemoSimulation1	END	1677069138801
USER	DemoSimulation1	START	1677069138917
REQUEST		loginRequest	1677069138917	1677069138922	OK	 
REQUEST		logoutRequest	1677069138922	1677069138925	OK	 
USER	DemoSimulation1	END	1677069138925
USER	DemoSimulation1	START	1677069139014
REQUEST		loginRequest	1677069139015	1677069139021	OK	 
REQUEST		logoutRequest	1677069139021	1677069139025	OK	 
USER	DemoSimulation1	END	1677069139026
USER	DemoSimulation1	START	1677069139132
REQUEST		loginRequest	1677069139132	1677069139139	OK	 
REQUEST		logoutRequest	1677069139139	1677069139143	OK	 
USER	DemoSimulation1	END	1677069139143
USER	DemoSimulation1	START	1677069139240
REQUEST		loginRequest	1677069139241	1677069139249	OK	 
REQUEST		logoutRequest	1677069139249	1677069139254	OK	 
USER	DemoSimulation1	END	1677069139254
USER	DemoSimulation1	START	1677069139349
REQUEST		loginRequest	1677069139349	1677069139356	OK	 
REQUEST		logoutRequest	1677069139356	1677069139359	OK	 
USER	DemoSimulation1	END	1677069139359
USER	DemoSimulation1	START	1677069139472
REQUEST		loginRequest	1677069139473	1677069139479	OK	 
REQUEST		logoutRequest	1677069139479	1677069139482	OK	 
USER	DemoSimulation1	END	1677069139482
USER	DemoSimulation1	START	1677069139580
REQUEST		loginRequest	1677069139580	1677069139586	OK	 
REQUEST		logoutRequest	1677069139586	1677069139589	OK	 
USER	DemoSimulation1	END	1677069139590
USER	DemoSimulation1	START	1677069139687
REQUEST		loginRequest	1677069139688	1677069139695	OK	 
REQUEST		logoutRequest	1677069139696	1677069139698	OK	 
USER	DemoSimulation1	END	1677069139699
USER	DemoSimulation1	START	1677069139794
REQUEST		loginRequest	1677069139794	1677069139799	OK	 
REQUEST		logoutRequest	1677069139800	1677069139803	OK	 
USER	DemoSimulation1	END	1677069139804
USER	DemoSimulation1	START	1677069139902
REQUEST		loginRequest	1677069139903	1677069139908	OK	 
REQUEST		logoutRequest	1677069139908	1677069139911	OK	 
USER	DemoSimulation1	END	1677069139912
USER	DemoSimulation1	START	1677069139995
REQUEST		loginRequest	1677069139996	1677069140003	OK	 
REQUEST		logoutRequest	1677069140003	1677069140008	OK	 
USER	DemoSimulation1	END	1677069140008
USER	DemoSimulation1	START	1677069140102
REQUEST		loginRequest	1677069140102	1677069140108	OK	 
REQUEST		logoutRequest	1677069140108	1677069140113	OK	 
USER	DemoSimulation1	END	1677069140114
USER	DemoSimulation1	START	1677069140195
REQUEST		loginRequest	1677069140196	1677069140204	OK	 
REQUEST		logoutRequest	1677069140204	1677069140209	OK	 
USER	DemoSimulation1	END	1677069140209
USER	DemoSimulation1	START	1677069140302
REQUEST		loginRequest	1677069140302	1677069140309	OK	 
REQUEST		logoutRequest	1677069140310	1677069140314	OK	 
USER	DemoSimulation1	END	1677069140315
USER	DemoSimulation1	START	1677069140395
REQUEST		loginRequest	1677069140396	1677069140407	OK	 
REQUEST		logoutRequest	1677069140407	1677069140411	OK	 
USER	DemoSimulation1	END	1677069140411
USER	DemoSimulation1	START	1677069140503
REQUEST		loginRequest	1677069140503	1677069140509	OK	 
REQUEST		logoutRequest	1677069140510	1677069140515	OK	 
USER	DemoSimulation1	END	1677069140515
USER	DemoSimulation1	START	1677069140594
REQUEST		loginRequest	1677069140595	1677069140603	OK	 
REQUEST		logoutRequest	1677069140603	1677069140607	OK	 
USER	DemoSimulation1	END	1677069140607
USER	DemoSimulation1	START	1677069140704
REQUEST		loginRequest	1677069140704	1677069140710	OK	 
REQUEST		logoutRequest	1677069140710	1677069140713	OK	 
USER	DemoSimulation1	END	1677069140713
USER	DemoSimulation1	START	1677069140796
REQUEST		loginRequest	1677069140796	1677069140802	OK	 
REQUEST		logoutRequest	1677069140803	1677069140807	OK	 
USER	DemoSimulation1	END	1677069140807
USER	DemoSimulation1	START	1677069140918
REQUEST		loginRequest	1677069140919	1677069140925	OK	 
REQUEST		logoutRequest	1677069140926	1677069140930	OK	 
USER	DemoSimulation1	END	1677069140930
USER	DemoSimulation1	START	1677069141027
REQUEST		loginRequest	1677069141027	1677069141034	OK	 
REQUEST		logoutRequest	1677069141034	1677069141038	OK	 
USER	DemoSimulation1	END	1677069141039
USER	DemoSimulation1	START	1677069141135
REQUEST		loginRequest	1677069141135	1677069141143	OK	 
REQUEST		logoutRequest	1677069141143	1677069141147	OK	 
USER	DemoSimulation1	END	1677069141147
USER	DemoSimulation1	START	1677069141242
REQUEST		loginRequest	1677069141243	1677069141251	OK	 
REQUEST		logoutRequest	1677069141252	1677069141255	OK	 
USER	DemoSimulation1	END	1677069141255
USER	DemoSimulation1	START	1677069141349
REQUEST		loginRequest	1677069141350	1677069141356	OK	 
REQUEST		logoutRequest	1677069141356	1677069141360	OK	 
USER	DemoSimulation1	END	1677069141361
USER	DemoSimulation1	START	1677069141471
REQUEST		loginRequest	1677069141472	1677069141480	OK	 
REQUEST		logoutRequest	1677069141480	1677069141486	OK	 
USER	DemoSimulation1	END	1677069141486
USER	DemoSimulation1	START	1677069141579
REQUEST		loginRequest	1677069141579	1677069141585	OK	 
REQUEST		logoutRequest	1677069141586	1677069141588	OK	 
USER	DemoSimulation1	END	1677069141589
USER	DemoSimulation1	START	1677069141686
REQUEST		loginRequest	1677069141686	1677069141693	OK	 
REQUEST		logoutRequest	1677069141693	1677069141697	OK	 
USER	DemoSimulation1	END	1677069141697
USER	DemoSimulation1	START	1677069141794
REQUEST		loginRequest	1677069141795	1677069141801	OK	 
REQUEST		logoutRequest	1677069141801	1677069141804	OK	 
USER	DemoSimulation1	END	1677069141805
USER	DemoSimulation1	START	1677069141902
REQUEST		loginRequest	1677069141902	1677069141907	OK	 
REQUEST		logoutRequest	1677069141908	1677069141911	OK	 
USER	DemoSimulation1	END	1677069141911
USER	DemoSimulation1	START	1677069141994
REQUEST		loginRequest	1677069141995	1677069142003	OK	 
REQUEST		logoutRequest	1677069142004	1677069142009	OK	 
USER	DemoSimulation1	END	1677069142010
USER	DemoSimulation1	START	1677069142102
REQUEST		loginRequest	1677069142103	1677069142108	OK	 
REQUEST		logoutRequest	1677069142108	1677069142111	OK	 
USER	DemoSimulation1	END	1677069142112
USER	DemoSimulation1	START	1677069142194
REQUEST		loginRequest	1677069142194	1677069142200	OK	 
REQUEST		logoutRequest	1677069142200	1677069142204	OK	 
USER	DemoSimulation1	END	1677069142204
USER	DemoSimulation1	START	1677069142302
REQUEST		loginRequest	1677069142303	1677069142310	OK	 
REQUEST		logoutRequest	1677069142311	1677069142315	OK	 
USER	DemoSimulation1	END	1677069142315
USER	DemoSimulation1	START	1677069142394
REQUEST		loginRequest	1677069142394	1677069142402	OK	 
REQUEST		logoutRequest	1677069142403	1677069142406	OK	 
USER	DemoSimulation1	END	1677069142406
USER	DemoSimulation1	START	1677069142501
REQUEST		loginRequest	1677069142501	1677069142507	OK	 
REQUEST		logoutRequest	1677069142507	1677069142511	OK	 
USER	DemoSimulation1	END	1677069142511
USER	DemoSimulation1	START	1677069142593
REQUEST		loginRequest	1677069142593	1677069142598	OK	 
REQUEST		logoutRequest	1677069142599	1677069142601	OK	 
USER	DemoSimulation1	END	1677069142602
USER	DemoSimulation1	START	1677069142701
REQUEST		loginRequest	1677069142701	1677069142706	OK	 
REQUEST		logoutRequest	1677069142707	1677069142709	OK	 
USER	DemoSimulation1	END	1677069142710
USER	DemoSimulation1	START	1677069142808
REQUEST		loginRequest	1677069142809	1677069142814	OK	 
REQUEST		logoutRequest	1677069142814	1677069142817	OK	 
USER	DemoSimulation1	END	1677069142817
USER	DemoSimulation1	START	1677069142901
REQUEST		loginRequest	1677069142901	1677069142908	OK	 
REQUEST		logoutRequest	1677069142908	1677069142911	OK	 
USER	DemoSimulation1	END	1677069142911
USER	DemoSimulation1	START	1677069142993
REQUEST		loginRequest	1677069142993	1677069142998	OK	 
REQUEST		logoutRequest	1677069142998	1677069143003	OK	 
USER	DemoSimulation1	END	1677069143003
USER	DemoSimulation1	START	1677069143101
REQUEST		loginRequest	1677069143101	1677069143106	OK	 
REQUEST		logoutRequest	1677069143107	1677069143110	OK	 
USER	DemoSimulation1	END	1677069143111
USER	DemoSimulation1	START	1677069143193
REQUEST		loginRequest	1677069143194	1677069143199	OK	 
REQUEST		logoutRequest	1677069143200	1677069143207	OK	 
USER	DemoSimulation1	END	1677069143207
USER	DemoSimulation1	START	1677069143301
REQUEST		loginRequest	1677069143302	1677069143307	OK	 
REQUEST		logoutRequest	1677069143307	1677069143311	OK	 
USER	DemoSimulation1	END	1677069143311
USER	DemoSimulation1	START	1677069143394
REQUEST		loginRequest	1677069143394	1677069143401	OK	 
REQUEST		logoutRequest	1677069143401	1677069143404	OK	 
USER	DemoSimulation1	END	1677069143404
USER	DemoSimulation1	START	1677069143501
REQUEST		loginRequest	1677069143501	1677069143507	OK	 
REQUEST		logoutRequest	1677069143507	1677069143511	OK	 
USER	DemoSimulation1	END	1677069143511
USER	DemoSimulation1	START	1677069143593
REQUEST		loginRequest	1677069143594	1677069143599	OK	 
REQUEST		logoutRequest	1677069143600	1677069143602	OK	 
USER	DemoSimulation1	END	1677069143603
USER	DemoSimulation1	START	1677069143701
REQUEST		loginRequest	1677069143701	1677069143709	OK	 
REQUEST		logoutRequest	1677069143709	1677069143721	OK	 
USER	DemoSimulation1	END	1677069143721
USER	DemoSimulation1	START	1677069143794
REQUEST		loginRequest	1677069143794	1677069143805	OK	 
REQUEST		logoutRequest	1677069143806	1677069143813	OK	 
USER	DemoSimulation1	END	1677069143814
USER	DemoSimulation1	START	1677069143903
REQUEST		loginRequest	1677069143904	1677069143913	OK	 
REQUEST		logoutRequest	1677069143913	1677069143918	OK	 
USER	DemoSimulation1	END	1677069143918
USER	DemoSimulation1	START	1677069143995
REQUEST		loginRequest	1677069143996	1677069144004	OK	 
REQUEST		logoutRequest	1677069144005	1677069144011	OK	 
USER	DemoSimulation1	END	1677069144011
USER	DemoSimulation1	START	1677069144104
REQUEST		loginRequest	1677069144104	1677069144111	OK	 
REQUEST		logoutRequest	1677069144112	1677069144117	OK	 
USER	DemoSimulation1	END	1677069144118
USER	DemoSimulation1	START	1677069144197
REQUEST		loginRequest	1677069144197	1677069144205	OK	 
REQUEST		logoutRequest	1677069144205	1677069144211	OK	 
USER	DemoSimulation1	END	1677069144211
USER	DemoSimulation1	START	1677069144305
REQUEST		loginRequest	1677069144305	1677069144315	OK	 
REQUEST		logoutRequest	1677069144316	1677069144323	OK	 
USER	DemoSimulation1	END	1677069144324
USER	DemoSimulation1	START	1677069144397
REQUEST		loginRequest	1677069144397	1677069144406	OK	 
REQUEST		logoutRequest	1677069144407	1677069144415	OK	 
USER	DemoSimulation1	END	1677069144416
USER	DemoSimulation1	START	1677069144504
REQUEST		loginRequest	1677069144505	1677069144514	OK	 
REQUEST		logoutRequest	1677069144514	1677069144520	OK	 
USER	DemoSimulation1	END	1677069144521
USER	DemoSimulation1	START	1677069144597
REQUEST		loginRequest	1677069144597	1677069144604	OK	 
REQUEST		logoutRequest	1677069144604	1677069144608	OK	 
USER	DemoSimulation1	END	1677069144608
USER	DemoSimulation1	START	1677069144705
REQUEST		loginRequest	1677069144705	1677069144711	OK	 
REQUEST		logoutRequest	1677069144712	1677069144715	OK	 
USER	DemoSimulation1	END	1677069144715
